Arguments: 
  /home/ziad/.nvm/versions/node/v8.9.1/bin/node /usr/local/bin/yarn init

PATH: 
  /home/ziad/.rvm/gems/ruby-2.4.1/bin:/home/ziad/.rvm/gems/ruby-2.4.1@global/bin:/home/ziad/.rvm/rubies/ruby-2.4.1/bin:/home/ziad/.pyenv/shims:/home/ziad/.pyenv/bin:/home/ziad/.nvm/versions/node/v8.9.1/bin:/home/ziad/anaconda3/bin/:/home/ziad/bin:/home/ziad/.local/bin:/usr/local/sbin:/usr/local/bin:/usr/sbin:/usr/bin:/sbin:/bin:/usr/games:/usr/local/games:/snap/bin:/home/ziad/.rvm/bin

Yarn version: 
  1.2.1

Node version: 
  8.9.1

Platform: 
  linux x64

npm manifest: 
  {
      "title": "Creative",
      "name": "startbootstrap-creative",
      "version": "4.0.0-beta.2",
      "description": "Creative is a stylish one page HTML theme for Bootstrap.",
      "keywords": [
          "css",
          "sass",
          "html",
          "responsive",
          "theme",
          "template"
      ],
      "homepage": "https://startbootstrap.com/template-overviews/creative",
      "bugs": {
          "url": "https://github.com/BlackrockDigital/startbootstrap-creative/issues",
          "email": "feedback@startbootstrap.com"
      },
      "license": "MIT",
      "author": "Start Bootstrap",
      "contributors": [
          "David Miller (http://davidmiller.io/)"
      ],
      "repository": {
          "type": "git",
          "url": "https://github.com/BlackrockDigital/startbootstrap-creative.git"
      },
      "dependencies": {
          "bootstrap": "^4.0.0-beta.2",
          "font-awesome": "4.7.0",
          "jquery": "^3.2.1",
          "jquery.easing": "^1.4.1",
          "magnific-popup": "^1.1.0",
          "scrollreveal": "3.3.6"
      },
      "devDependencies": {
          "browser-sync": "2.18.13",
          "gulp": "^3.9.1",
          "gulp-clean-css": "3.9.0",
          "gulp-header": "1.8.9",
          "gulp-rename": "^1.2.2",
          "gulp-sass": "^3.1.0",
          "gulp-uglify": "3.0.0"
      }
  }

yarn manifest: 
  No manifest

Lockfile: 
  No lockfile

Trace: 
  Error: canceled
      at Interface.<anonymous> (/usr/local/lib/node_modules/yarn/lib/cli.js:120971:13)
      at emitNone (events.js:106:13)
      at Interface.emit (events.js:208:7)
      at Interface._ttyWrite (readline.js:775:16)
      at ReadStream.onkeypress (readline.js:160:10)
      at emitTwo (events.js:126:13)
      at ReadStream.emit (events.js:214:7)
      at emitKeys (internal/readline.js:420:14)
      at emitKeys.next (<anonymous>)
      at ReadStream.onData (readline.js:1011:36)
